\BOOKMARK [1][-]{section*.3}{List of Figures}{}% 1
\BOOKMARK [1][-]{section*.4}{List of Tables}{}% 2
\BOOKMARK [1][-]{section.1}{Motivation and scientific background}{}% 3
\BOOKMARK [2][-]{subsection.1.1}{Fundamentals of astro-interferometry}{section.1}% 4
\BOOKMARK [3][-]{subsubsection.1.1.1}{Mutual coherence function}{subsection.1.1}% 5
\BOOKMARK [3][-]{subsubsection.1.1.2}{Van Cittert-Zernike theorem}{subsection.1.1}% 6
\BOOKMARK [3][-]{subsubsection.1.1.3}{Spatial resolution}{subsection.1.1}% 7
\BOOKMARK [1][-]{section.2}{Simulation of the DBC}{}% 8
\BOOKMARK [2][-]{subsection.2.1}{Monochromatic light}{section.2}% 9
\BOOKMARK [3][-]{subsubsection.2.1.1}{Mathematical formalism}{subsection.2.1}% 10
\BOOKMARK [3][-]{subsubsection.2.1.2}{Impact of evanescent coupling on the output power}{subsection.2.1}% 11
\BOOKMARK [3][-]{subsubsection.2.1.3}{Influence of geometrical parameters}{subsection.2.1}% 12
\BOOKMARK [3][-]{subsubsection.2.1.4}{Adding a <<fan out>>}{subsection.2.1}% 13
\BOOKMARK [2][-]{subsection.2.2}{Polychromatic light}{section.2}% 14
\BOOKMARK [3][-]{subsubsection.2.2.1}{Mathematical formalism}{subsection.2.2}% 15
\BOOKMARK [3][-]{subsubsection.2.2.2}{Influence of the bandwidth on the V2PM}{subsection.2.2}% 16
\BOOKMARK [3][-]{subsubsection.2.2.3}{Retrieving the visibility function}{subsection.2.2}% 17
\BOOKMARK [1][-]{section.3}{Laboratory characterization of the DBC}{}% 18
\BOOKMARK [2][-]{subsection.3.1}{characterization setup and method}{section.3}% 19
\BOOKMARK [2][-]{subsection.3.2}{Retrieving the visibility function}{section.3}% 20
\BOOKMARK [3][-]{subsubsection.3.2.1}{Using two beams at a time}{subsection.3.2}% 21
\BOOKMARK [3][-]{subsubsection.3.2.2}{Combining the 4 beams}{subsection.3.2}% 22
\BOOKMARK [1][-]{appendix.A}{Appendix}{}% 23
\BOOKMARK [2][-]{subsection.A.1}{The condition number}{appendix.A}% 24
\BOOKMARK [2][-]{subsection.A.2}{Simulated retrieved Phase and visibility}{appendix.A}% 25
\BOOKMARK [1][-]{section*.50}{Bibliography}{}% 26
