This is pdfTeX, Version 3.14159265-2.6-1.40.18 (TeX Live 2017/Debian) (preloaded format=latex 2018.9.13)  14 SEP 2018 20:50
entering extended mode
 restricted \write18 enabled.
 %&-line parsing enabled.
**montage.tex
(./montage.tex
LaTeX2e <2017-04-15>
Babel <3.18> and hyphenation patterns for 9 language(s) loaded.
(/usr/share/texlive/texmf-dist/tex/latex/standalone/standalone.cls
Document Class: standalone 2015/07/15 v1.2 Class to compile TeX sub-files stand
alone
(/usr/share/texlive/texmf-dist/tex/generic/oberdiek/ifluatex.sty
Package: ifluatex 2016/05/16 v1.4 Provides the ifluatex switch (HO)
Package ifluatex Info: LuaTeX not detected.
)
(/usr/share/texlive/texmf-dist/tex/generic/oberdiek/ifpdf.sty
Package: ifpdf 2017/03/15 v3.2 Provides the ifpdf switch
)
(/usr/share/texlive/texmf-dist/tex/generic/ifxetex/ifxetex.sty
Package: ifxetex 2010/09/12 v0.6 Provides ifxetex conditional
)
(/usr/share/texlive/texmf-dist/tex/latex/xkeyval/xkeyval.sty
Package: xkeyval 2014/12/03 v2.7a package option processing (HA)

(/usr/share/texlive/texmf-dist/tex/generic/xkeyval/xkeyval.tex
(/usr/share/texlive/texmf-dist/tex/generic/xkeyval/xkvutils.tex
\XKV@toks=\toks14
\XKV@tempa@toks=\toks15

(/usr/share/texlive/texmf-dist/tex/generic/xkeyval/keyval.tex))
\XKV@depth=\count79
File: xkeyval.tex 2014/12/03 v2.7a key=value parser (HA)
))
\sa@internal=\count80
\c@sapage=\count81

(/usr/share/texlive/texmf-dist/tex/latex/standalone/standalone.cfg
File: standalone.cfg 2015/07/15 v1.2 Default configuration file for 'standalone
' class
)
(/usr/share/texlive/texmf-dist/tex/latex/base/article.cls
Document Class: article 2014/09/29 v1.4h Standard LaTeX document class
(/usr/share/texlive/texmf-dist/tex/latex/base/size10.clo
File: size10.clo 2014/09/29 v1.4h Standard LaTeX file (size option)
)
\c@part=\count82
\c@section=\count83
\c@subsection=\count84
\c@subsubsection=\count85
\c@paragraph=\count86
\c@subparagraph=\count87
\c@figure=\count88
\c@table=\count89
\abovecaptionskip=\skip41
\belowcaptionskip=\skip42
\bibindent=\dimen102
)
(/usr/share/texlive/texmf-dist/tex/latex/pstricks/pstricks.sty
Package: pstricks 2018/01/06 v0.67 LaTeX wrapper for `PSTricks' (RN,HV)

(/usr/share/texlive/texmf-dist/tex/generic/iftex/iftex.sty
Package: iftex 2013/04/04 v0.2 Provides if(tex) conditional for PDFTeX, XeTeX, 
and LuaTeX
)
(/usr/share/texlive/texmf-dist/tex/latex/tools/shellesc.sty
Package: shellesc 2016/06/07 v0.02a unified shell escape interface for LaTeX
Package shellesc Info: Restricted shell escape enabled on input line 69.
)
(/usr/share/texlive/texmf-dist/tex/latex/xcolor/xcolor.sty
Package: xcolor 2016/05/11 v2.12 LaTeX color extensions (UK)

(/usr/share/texlive/texmf-dist/tex/latex/graphics-cfg/color.cfg
File: color.cfg 2016/01/02 v1.6 sample color configuration
)
Package xcolor Info: Driver file: dvips.def on input line 225.

(/usr/share/texlive/texmf-dist/tex/latex/graphics-def/dvips.def
File: dvips.def 2017/06/20 v3.1d Graphics/color driver for dvips
)
Package xcolor Info: Model `cmy' substituted by `cmy0' on input line 1348.
Package xcolor Info: Model `RGB' extended on input line 1364.
Package xcolor Info: Model `HTML' substituted by `rgb' on input line 1366.
Package xcolor Info: Model `Hsb' substituted by `hsb' on input line 1367.
Package xcolor Info: Model `tHsb' substituted by `hsb' on input line 1368.
Package xcolor Info: Model `HSB' substituted by `hsb' on input line 1369.
Package xcolor Info: Model `Gray' substituted by `gray' on input line 1370.
Package xcolor Info: Model `wave' substituted by `hsb' on input line 1371.
)
(/usr/share/texlive/texmf-dist/tex/generic/xkeyval/pst-xkey.tex
File: pst-xkey.tex 2005/11/25 v1.6 PSTricks specialization of xkeyval (HA)
)
(/usr/share/texlive/texmf-dist/tex/generic/pstricks/pstricks.tex
(/usr/share/texlive/texmf-dist/tex/generic/pstricks/pst-fp.tex
`pst-fp' v0.05, 2010/01/17 (hv)
\pstFP@xs=\count90
\pstFP@xia=\count91
\pstFP@xib=\count92
\pstFP@xfa=\count93
\pstFP@xfb=\count94
\pstFP@rega=\count95
\pstFP@regb=\count96
\pstFP@regs=\count97
\pstFP@times=\count98
)
(/usr/share/texlive/texmf-dist/tex/generic/pgf/utilities/pgfutil-common.tex
\pgfutil@everybye=\toks16
\pgfutil@tempdima=\dimen103
\pgfutil@tempdimb=\dimen104

(/usr/share/texlive/texmf-dist/tex/generic/pgf/utilities/pgfutil-common-lists.t
ex)) (/usr/share/texlive/texmf-dist/tex/generic/pgf/utilities/pgfkeys.code.tex
\pgfkeys@pathtoks=\toks17
\pgfkeys@temptoks=\toks18

(/usr/share/texlive/texmf-dist/tex/generic/pgf/utilities/pgfkeysfiltered.code.t
ex
\pgfkeys@tmptoks=\toks19
)) (/usr/share/texlive/texmf-dist/tex/generic/pgf/utilities/pgffor.code.tex
(/usr/share/texlive/texmf-dist/tex/generic/pgf/math/pgfmath.code.tex
(/usr/share/texlive/texmf-dist/tex/generic/pgf/math/pgfmathcalc.code.tex
(/usr/share/texlive/texmf-dist/tex/generic/pgf/math/pgfmathutil.code.tex
\pgf@x=\dimen105
\pgf@xa=\dimen106
\pgf@xb=\dimen107
\pgf@xc=\dimen108
\pgf@y=\dimen109
\pgf@ya=\dimen110
\pgf@yb=\dimen111
\pgf@yc=\dimen112
\c@pgf@counta=\count99
\c@pgf@countb=\count100
\c@pgf@countc=\count101
\c@pgf@countd=\count102
\pgfutil@tempcnta=\count103
\pgfutil@tempcntb=\count104
)
(/usr/share/texlive/texmf-dist/tex/generic/pgf/math/pgfmathparser.code.tex
\pgfmath@dimen=\dimen113
\pgfmath@count=\count105
\pgfmath@box=\box26
\pgfmath@toks=\toks20
\pgfmath@stack@operand=\toks21
\pgfmath@stack@operation=\toks22
)
(/usr/share/texlive/texmf-dist/tex/generic/pgf/math/pgfmathfunctions.code.tex
(/usr/share/texlive/texmf-dist/tex/generic/pgf/math/pgfmathfunctions.basic.code
.tex)
(/usr/share/texlive/texmf-dist/tex/generic/pgf/math/pgfmathfunctions.trigonomet
ric.code.tex)
(/usr/share/texlive/texmf-dist/tex/generic/pgf/math/pgfmathfunctions.random.cod
e.tex)
(/usr/share/texlive/texmf-dist/tex/generic/pgf/math/pgfmathfunctions.comparison
.code.tex)
(/usr/share/texlive/texmf-dist/tex/generic/pgf/math/pgfmathfunctions.base.code.
tex)
(/usr/share/texlive/texmf-dist/tex/generic/pgf/math/pgfmathfunctions.round.code
.tex)
(/usr/share/texlive/texmf-dist/tex/generic/pgf/math/pgfmathfunctions.misc.code.
tex)
(/usr/share/texlive/texmf-dist/tex/generic/pgf/math/pgfmathfunctions.integerari
thmetics.code.tex)))
(/usr/share/texlive/texmf-dist/tex/generic/pgf/math/pgfmathfloat.code.tex
\c@pgfmathroundto@lastzeros=\count106
))
\pgffor@iter=\dimen114
\pgffor@skip=\dimen115
\pgffor@stack=\toks23
\pgffor@toks=\toks24
)
\psLoopIndex=\count107

`PSTricks' v2.82  <2018/01/06> (tvz,hv)
\pst@dima=\dimen116
\pst@dimb=\dimen117
\pst@dimc=\dimen118
\pst@dimd=\dimen119
\pst@dimg=\dimen120
\pst@dimh=\dimen121
\pst@dimm=\dimen122
\pst@dimn=\dimen123
\pst@dimo=\dimen124
\pst@dimp=\dimen125
\pst@hbox=\box27
\pst@ibox=\box28
\pst@boxg=\box29
\pst@cnta=\count108
\pst@cntb=\count109
\pst@cntc=\count110
\pst@cntd=\count111
\pst@cntg=\count112
\pst@cnth=\count113
\pst@cntm=\count114
\pst@cntn=\count115
\pst@cnto=\count116
\pst@cntp=\count117
\@zero=\count118
\pst@toks=\toks25
(/usr/share/texlive/texmf-dist/tex/generic/pstricks/pstricks.con)
\psunit=\dimen126
\psxunit=\dimen127
\psyunit=\dimen128
\pst@C@@rType=\count119
\pslinewidth=\dimen129
\psk@startLW=\dimen130
\psk@endLW=\dimen131
\pst@customdefs=\toks26
\pslinearc=\dimen132
\pst@symbolStep=\dimen133
\pst@symbolWidth=\dimen134
\pst@symbolLinewidth=\dimen135
\everypsbox=\toks27
\psframesep=\dimen136
\pslabelsep=\dimen137
\sh@wgridXunit=\dimen138
\sh@wgridYunit=\dimen139
\pst@shift=\dimen140
)
File: pstricks.tex 2018/01/06 v2.82 `PSTricks' (tvz,hv)

(/usr/share/texlive/texmf-dist/tex/generic/pstricks/pst-fp.tex)
File: pst-fp.tex 2018/01/06 v2.82 `PST-fp' (hv)
)
\sa@box=\box30
\sa@yoffset=\skip43
)
(/usr/share/texlive/texmf-dist/tex/latex/pst-optexp/pst-optexp.sty
Package: pst-optexp 2014/11/26 v5.2 Optical experimental setups with PSTricks

(/usr/share/texlive/texmf-dist/tex/latex/base/ifthen.sty
Package: ifthen 2014/09/29 v1.1c Standard LaTeX ifthen package (DPC)
)
(/usr/share/texlive/texmf-dist/tex/latex/xkeyval/pst-xkey.sty
Package: pst-xkey 2005/11/25 v1.6 package wrapper for pst-xkey.tex (HA)
)
(/usr/share/texlive/texmf-dist/tex/latex/pst-node/pst-node.sty
Package: pst-node 2012/09/18 v1.01 LaTeX wrapper for `pst-node' (HV)
Package: pst-node 2010/04/22 package wrapper for pst-node.tex

(/usr/share/texlive/texmf-dist/tex/generic/pst-node/pst-node.tex
 v1.41, 2017/12/30
\psrow=\count120
\pscol=\count121
\psmatrixcnt=\count122
\psrowsep=\skip44
\pscolsep=\skip45
\pst@args=\count123
\num@pts=\count124
\pst@argcnt=\count125
)
File: pst-node.tex 2017/12/30 1.41 `pst-node' (tvz,hv)
)
(/usr/share/texlive/texmf-dist/tex/latex/pst-plot/pst-plot.sty
Package: pst-plot 2011/06/05 v1.00 LaTeX wrapper for `pst-plot' (HV)

(/usr/share/texlive/texmf-dist/tex/latex/multido/multido.sty
Package: multido 2004/05/17 package wrapper for PSTricks `multido.tex', (HV/RN)


(/usr/share/texlive/texmf-dist/tex/generic/multido/multido.tex
 v1.42, 2010/05/14 <tvz>
\multido@count=\count126
\multidocount=\count127
\multido@stuff=\toks28
)
File: multido.tex 2010/05/14 v1.42 `multido' (tvz,hv)
)
Package: pst-plot 2011/04/13 package wrapper for pst-plot.tex (hv)

(/usr/share/texlive/texmf-dist/tex/generic/pst-plot/pst-plot.tex
(/usr/share/texlive/texmf-dist/tex/generic/pst-tools/pst-tools.tex
`PST-tools' v0.09b, 2017/12/03 (hv))
(/usr/share/texlive/texmf-dist/tex/generic/pstricks-add/pstricks-add.tex
(/usr/share/texlive/texmf-dist/tex/generic/pst-arrow/pst-arrow.tex
`pst-arrow' v0.01, 2016/09/01 (dr,hv)
\pshooklength=\dimen141
\pshookwidth=\dimen142
)
(/usr/share/texlive/texmf-dist/tex/generic/pst-3d/pst-3d.tex
`PST-3d' v1.11, 2010/02/14 (tvz))
(/usr/share/texlive/texmf-dist/tex/generic/pst-math/pst-math.tex
`pst-math' v0.63 , (CJ,hv)) `pstricks-add' v3.85a, 2018/02/03 (dr,hv)
\psparallelogramsep=\dimen143
\pst@cntC=\count128
\pst@stepcount=\count129
\chart@ColorIndex=\dimen144
\chart@ColorStep=\dimen145
\pst@chartHeight=\dimen146
\pst@chartStackDepth=\dimen147
\pst@chartStackWidth=\dimen148
\chart@Toggle=\count130
\psVectorCtr=\count131
)
 v1.89, 2018/02/18 (tvz,hv)
\pstRadUnit=\dimen149
\pstRadUnitInv=\dimen150
\pst@linecnt=\count132
\RCD@file=\read1
\psxlabelsep=\dimen151
\psylabelsep=\dimen152
\psk@subticksize=\dimen153
\pst@xticksizeA=\dimen154
\pst@xticksizeB=\dimen155
\pst@xticksizeC=\dimen156
\pst@yticksizeA=\dimen157
\pst@yticksizeB=\dimen158
\pst@yticksizeC=\dimen159
\@digitcounter=\count133
\psk@llx=\dimen160
\psk@lly=\dimen161
\psk@urx=\dimen162
\psk@ury=\dimen163
\pst@xunit=\dimen164
\pst@yunit=\dimen165
)
File: pst-plot.tex 2018/02/18 1.89 `pst-plot' (tvz,hv)
)
(/usr/share/texlive/texmf-dist/tex/latex/pst-eucl/pst-eucl.sty
(/usr/share/texlive/texmf-dist/tex/latex/pst-tools/pst-tools.sty
Package: pst-tools 2012/01/01 package wrapper for pst-tools.tex (hv)

(/usr/share/texlive/texmf-dist/tex/generic/pst-tools/pst-tools.tex)
File: pst-tools.tex 2018/02/18 v1.89 `PST-tools' (hv)
)
Package: pst-eucl 2014/05/17 package wrapper for PSTricks pst-eucl.tex

(/usr/share/texlive/texmf-dist/tex/generic/pst-eucl/pst-eucl.tex
(/usr/share/texlive/texmf-dist/tex/generic/pst-arrow/pst-arrow.tex)
`PST-Euclide v1.56, 2017/04/18 (dr,hv)
 This version uses the pst-xkey package for managing parameters
 Please read the doc, some macros have a new syntax
 use option old for upward compatibility
\psMarkHashLength=\dimen166
\psMarkHashSep=\dimen167
)
File: pst-eucl.tex 2017/04/18 v1.56 `PST-eucl' (dr,hv)
)
(/usr/share/texlive/texmf-dist/tex/latex/pst-intersect/pst-intersect.sty
Package: pst-intersect 2014/03/16 v0.4 package wrapper for pst-intersect.tex

(/usr/share/texlive/texmf-dist/tex/latex/pst-func/pst-func.sty
Package: pst-func 2017/08/17 package wrapper for pst-func.tex (hv)

(/usr/share/texlive/texmf-dist/tex/latex/pst-math/pst-math.sty
Package: pst-math 2014/07/30 package wrapper for PSTricks pst-math.tex

(/usr/share/texlive/texmf-dist/tex/generic/pst-math/pst-math.tex)
File: pst-math.tex 2017/04/18 v1.56 `PST-math' (hv)
)
(/usr/share/texlive/texmf-dist/tex/latex/pstricks-add/pstricks-add.sty
(/usr/share/texlive/texmf-dist/tex/latex/pst-3d/pst-3d.sty
Package: pst-3d 2009/07/28 package wrapper for pst-3d.tex (hv)

(/usr/share/texlive/texmf-dist/tex/generic/pst-3d/pst-3d.tex)
File: pst-3d.tex 2017/04/18 v1.56 `PST-3d' (hv)
)
Package: pstricks-add 2018/02/03 v. 0.15 package wrapper for pstricks-add.tex (
hv)

(/usr/share/texlive/texmf-dist/tex/generic/pstricks-add/pstricks-add.tex)
File: pstricks-add.tex 2017/04/18 v1.56 `PSTricks-add' (hv)

(/usr/share/texlive/texmf-dist/tex/latex/l3packages/xparse/xparse.sty
(/usr/share/texlive/texmf-dist/tex/latex/l3kernel/expl3.sty
Package: expl3 2018/02/21 L3 programming layer (loader) 

(/usr/share/texlive/texmf-dist/tex/latex/l3kernel/expl3-code.tex
Package: expl3 2018/02/21 L3 programming layer (code)
\c_max_int=\count134
\l_tmpa_int=\count135
\l_tmpb_int=\count136
\g_tmpa_int=\count137
\g_tmpb_int=\count138
\g__intarray_font_int=\count139
\g__prg_map_int=\count140
\c_log_iow=\count141
\l_iow_line_count_int=\count142
\l__iow_line_target_int=\count143
\l__iow_one_indent_int=\count144
\l__iow_indent_int=\count145
\c_zero_dim=\dimen168
\c_max_dim=\dimen169
\l_tmpa_dim=\dimen170
\l_tmpb_dim=\dimen171
\g_tmpa_dim=\dimen172
\g_tmpb_dim=\dimen173
\c_zero_skip=\skip46
\c_max_skip=\skip47
\l_tmpa_skip=\skip48
\l_tmpb_skip=\skip49
\g_tmpa_skip=\skip50
\g_tmpb_skip=\skip51
\c_zero_muskip=\muskip10
\c_max_muskip=\muskip11
\l_tmpa_muskip=\muskip12
\l_tmpb_muskip=\muskip13
\g_tmpa_muskip=\muskip14
\g_tmpb_muskip=\muskip15
\l_keys_choice_int=\count146
\c__fp_leading_shift_int=\count147
\c__fp_middle_shift_int=\count148
\c__fp_trailing_shift_int=\count149
\c__fp_big_leading_shift_int=\count150
\c__fp_big_middle_shift_int=\count151
\c__fp_big_trailing_shift_int=\count152
\c__fp_Bigg_leading_shift_int=\count153
\c__fp_Bigg_middle_shift_int=\count154
\c__fp_Bigg_trailing_shift_int=\count155
\c__fp_rand_size_int=\count156
\c__fp_rand_four_int=\count157
\c__fp_rand_eight_int=\count158
\l__sort_length_int=\count159
\l__sort_min_int=\count160
\l__sort_top_int=\count161
\l__sort_max_int=\count162
\l__sort_true_max_int=\count163
\l__sort_block_int=\count164
\l__sort_begin_int=\count165
\l__sort_end_int=\count166
\l__sort_A_int=\count167
\l__sort_B_int=\count168
\l__sort_C_int=\count169
\l__tl_build_start_index_int=\count170
\l__tl_build_index_int=\count171
\l__tl_analysis_normal_int=\count172
\l__tl_analysis_index_int=\count173
\l__tl_analysis_nesting_int=\count174
\l__tl_analysis_type_int=\count175
\l__regex_internal_a_int=\count176
\l__regex_internal_b_int=\count177
\l__regex_internal_c_int=\count178
\l__regex_balance_int=\count179
\l__regex_group_level_int=\count180
\l__regex_mode_int=\count181
\c__regex_cs_in_class_mode_int=\count182
\c__regex_cs_mode_int=\count183
\l__regex_catcodes_int=\count184
\l__regex_default_catcodes_int=\count185
\c__regex_catcode_D_int=\count186
\c__regex_catcode_S_int=\count187
\c__regex_catcode_L_int=\count188
\c__regex_catcode_O_int=\count189
\c__regex_catcode_A_int=\count190
\c__regex_all_catcodes_int=\count191
\l__regex_show_lines_int=\count192
\l__regex_min_state_int=\count193
\l__regex_max_state_int=\count194
\l__regex_left_state_int=\count195
\l__regex_right_state_int=\count196
\l__regex_capturing_group_int=\count197
\l__regex_min_pos_int=\count198
\l__regex_max_pos_int=\count199
\l__regex_curr_pos_int=\count266
\l__regex_start_pos_int=\count267
\l__regex_success_pos_int=\count268
\l__regex_curr_char_int=\count269
\l__regex_curr_catcode_int=\count270
\l__regex_last_char_int=\count271
\l__regex_case_changed_char_int=\count272
\l__regex_curr_state_int=\count273
\l__regex_step_int=\count274
\l__regex_min_active_int=\count275
\l__regex_max_active_int=\count276
\l__regex_replacement_csnames_int=\count277
\l__regex_match_count_int=\count278
\l__regex_min_submatch_int=\count279
\l__regex_submatch_int=\count280
\l__regex_zeroth_submatch_int=\count281
\g__regex_trace_regex_int=\count282
\c_empty_box=\box31
\l_tmpa_box=\box32
\l_tmpb_box=\box33
\g_tmpa_box=\box34
\g_tmpb_box=\box35
\l__box_top_dim=\dimen174
\l__box_bottom_dim=\dimen175
\l__box_left_dim=\dimen176
\l__box_right_dim=\dimen177
\l__box_top_new_dim=\dimen178
\l__box_bottom_new_dim=\dimen179
\l__box_left_new_dim=\dimen180
\l__box_right_new_dim=\dimen181
\l__box_internal_box=\box36
\l__coffin_internal_box=\box37
\l__coffin_internal_dim=\dimen182
\l__coffin_offset_x_dim=\dimen183
\l__coffin_offset_y_dim=\dimen184
\l__coffin_x_dim=\dimen185
\l__coffin_y_dim=\dimen186
\l__coffin_x_prime_dim=\dimen187
\l__coffin_y_prime_dim=\dimen188
\c_empty_coffin=\box38
\l__coffin_aligned_coffin=\box39
\l__coffin_aligned_internal_coffin=\box40
\l_tmpa_coffin=\box41
\l_tmpb_coffin=\box42
\l__coffin_display_coffin=\box43
\l__coffin_display_coord_coffin=\box44
\l__coffin_display_pole_coffin=\box45
\l__coffin_display_offset_dim=\dimen189
\l__coffin_display_x_dim=\dimen190
\l__coffin_display_y_dim=\dimen191
\l__coffin_bounding_shift_dim=\dimen192
\l__coffin_left_corner_dim=\dimen193
\l__coffin_right_corner_dim=\dimen194
\l__coffin_bottom_corner_dim=\dimen195
\l__coffin_top_corner_dim=\dimen196
\l__coffin_scaled_total_height_dim=\dimen197
\l__coffin_scaled_width_dim=\dimen198
)
(/usr/share/texlive/texmf-dist/tex/latex/l3kernel/l3dvips.def
File: l3dvips.def 2017/03/18 v L3 Experimental driver: dvips
))
Package: xparse 2018/02/21 L3 Experimental document command parser
\l__xparse_current_arg_int=\count283
\g__xparse_grabber_int=\count284
\l__xparse_m_args_int=\count285
\l__xparse_mandatory_args_int=\count286
\l__xparse_v_nesting_int=\count287
)
.................................................
. LaTeX info: "xparse/define-command"
. 
. Defining command \psCalc with sig. 'm' on line 23.
.................................................
)
(/usr/share/texlive/texmf-dist/tex/generic/pst-func/pst-func.tex
`PST-func' v0.88, 2017/08/24 (hv)
\psk@zeroLineWidth=\dimen199
)
File: pst-func.tex 2017/08/24 v0.88 `PST-func' (hv)
)
(/usr/share/texlive/texmf-dist/tex/generic/pst-intersect/pst-intersect.tex))
(/usr/share/texlive/texmf-dist/tex/latex/environ/environ.sty
Package: environ 2014/05/04 v0.3 A new way to define environments

(/usr/share/texlive/texmf-dist/tex/latex/trimspaces/trimspaces.sty
Package: trimspaces 2009/09/17 v1.1 Trim spaces around a token list
)
\@envbody=\toks29
)
\POE@cnt=\count288
\POE@oldcnt=\count289
\POE@nodecnt=\count290
)
(/usr/share/texlive/texmf-dist/tex/latex/stackengine/stackengine.sty
Package: stackengine 2017/02/13 v4.01\ Stacking text and objects in convenient 
ways

(/usr/share/texlive/texmf-dist/tex/latex/etoolbox/etoolbox.sty
Package: etoolbox 2018/02/11 v2.5e e-TeX tools for LaTeX (JAW)
\etb@tempcnta=\count291
)
(/usr/share/texlive/texmf-dist/tex/generic/listofitems/listofitems.sty
(/usr/share/texlive/texmf-dist/tex/generic/listofitems/listofitems.tex
\loi_nestcnt=\count292
)
Package: listofitems 2018/01/13 v1.52 Grab items in lists using user-specified 
sep char (CT)
)
(/usr/share/texlive/texmf-dist/tex/latex/tools/calc.sty
Package: calc 2014/10/28 v4.3 Infix arithmetic (KKT,FJ)
\calc@Acount=\count293
\calc@Bcount=\count294
\calc@Adimen=\dimen256
\calc@Bdimen=\dimen257
\calc@Askip=\skip52
\calc@Bskip=\skip53
LaTeX Info: Redefining \setlength on input line 80.
LaTeX Info: Redefining \addtolength on input line 81.
\calc@Ccount=\count295
\calc@Cskip=\skip54
)
\c@@stackindex=\count296
\@boxshift=\skip55
\stack@tmplength=\skip56
\temp@stkl=\skip57
\@stackedboxwidth=\skip58
\@addedbox=\box46
\@anchorbox=\box47
\stackedbox=\box48
\@centerbox=\box49
\c@ROWcellindex@=\count297
)
(/usr/share/texlive/texmf-dist/tex/latex/auto-pst-pdf/auto-pst-pdf.sty
Package: auto-pst-pdf 2009/04/26 v0.6 Wrapper for pst-pdf

(/usr/share/texlive/texmf-dist/tex/latex/ifplatform/ifplatform.sty
Package: ifplatform 2017/10/13 v0.4a Testing for the operating system

(/usr/share/texlive/texmf-dist/tex/generic/oberdiek/pdftexcmds.sty
Package: pdftexcmds 2018/01/21 v0.26 Utility functions of pdfTeX for LuaTeX (HO
)

(/usr/share/texlive/texmf-dist/tex/generic/oberdiek/infwarerr.sty
Package: infwarerr 2016/05/16 v1.4 Providing info/warning/error messages (HO)
)
(/usr/share/texlive/texmf-dist/tex/generic/oberdiek/ltxcmds.sty
Package: ltxcmds 2016/05/16 v1.23 LaTeX kernel commands for general use (HO)
)
Package pdftexcmds Info: LuaTeX not detected.
Package pdftexcmds Info: \pdf@primitive is available.
Package pdftexcmds Info: \pdf@ifprimitive is available.
Package pdftexcmds Info: \pdfdraftmode is ignored in DVI mode.
)
(/usr/share/texlive/texmf-dist/tex/generic/oberdiek/catchfile.sty
Package: catchfile 2016/05/16 v1.7 Catch the contents of a file (HO)

(/usr/share/texlive/texmf-dist/tex/generic/oberdiek/etexcmds.sty
Package: etexcmds 2016/05/16 v1.6 Avoid name clashes with e-TeX commands (HO)
Package etexcmds Info: Could not find \expanded.
(etexcmds)             That can mean that you are not using pdfTeX 1.50 or
(etexcmds)             that some package has redefined \expanded.
(etexcmds)             In the latter case, load this package earlier.
))

Package ifplatform Warning: 
    shell escape is disabled, so I can only detect \ifwindows.

)
\c@app@runs=\count298
 (/usr/share/texlive/texmf-dist/tex/latex/pst-pdf/pst-pdf.sty
Package: pst-pdf 2017/06/22 v1.2d PS graphics for pdfLaTeX (RN,HjG)

(/usr/share/texlive/texmf-dist/tex/generic/oberdiek/ifvtex.sty
Package: ifvtex 2016/05/16 v1.6 Detect VTeX and its facilities (HO)
Package ifvtex Info: VTeX not detected.
)
\c@pspicture=\count299

(/usr/share/texlive/texmf-dist/tex/latex/graphics/graphicx.sty
Package: graphicx 2017/06/01 v1.1a Enhanced LaTeX Graphics (DPC,SPQR)

(/usr/share/texlive/texmf-dist/tex/latex/graphics/graphics.sty
Package: graphics 2017/06/25 v1.2c Standard LaTeX Graphics (DPC,SPQR)

(/usr/share/texlive/texmf-dist/tex/latex/graphics/trig.sty
Package: trig 2016/01/03 v1.10 sin cos tan (DPC)
)
(/usr/share/texlive/texmf-dist/tex/latex/graphics-cfg/graphics.cfg
File: graphics.cfg 2016/06/04 v1.11 sample graphics configuration
)
Package graphics Info: Driver file: dvips.def on input line 99.
)
\Gin@req@height=\dimen258
\Gin@req@width=\dimen259
)
Package pst-pdf Info: MODE: 9 (inactive mode) on input line 459.
))
(/usr/share/texlive/texmf-dist/tex/latex/forest/forest.sty
Package: forest 2017/07/14 v2.1.5 Drawing (linguistic) trees

(/usr/share/texlive/texmf-dist/tex/latex/pgf/frontendlayer/tikz.sty
(/usr/share/texlive/texmf-dist/tex/latex/pgf/basiclayer/pgf.sty
(/usr/share/texlive/texmf-dist/tex/latex/pgf/utilities/pgfrcs.sty
(/usr/share/texlive/texmf-dist/tex/generic/pgf/utilities/pgfutil-common.tex
\pgfutil@everybye=\toks30
\pgfutil@tempdima=\dimen260
\pgfutil@tempdimb=\dimen261

(/usr/share/texlive/texmf-dist/tex/generic/pgf/utilities/pgfutil-common-lists.t
ex)) (/usr/share/texlive/texmf-dist/tex/generic/pgf/utilities/pgfutil-latex.def
\pgfutil@abb=\box50
(/usr/share/texlive/texmf-dist/tex/latex/ms/everyshi.sty
Package: everyshi 2001/05/15 v3.00 EveryShipout Package (MS)
))
(/usr/share/texlive/texmf-dist/tex/generic/pgf/utilities/pgfrcs.code.tex
Package: pgfrcs 2015/08/07 v3.0.1a (rcs-revision 1.31)
))
Package: pgf 2015/08/07 v3.0.1a (rcs-revision 1.15)

(/usr/share/texlive/texmf-dist/tex/latex/pgf/basiclayer/pgfcore.sty
(/usr/share/texlive/texmf-dist/tex/latex/pgf/systemlayer/pgfsys.sty
(/usr/share/texlive/texmf-dist/tex/generic/pgf/systemlayer/pgfsys.code.tex
Package: pgfsys 2014/07/09 v3.0.1a (rcs-revision 1.48)

(/usr/share/texlive/texmf-dist/tex/generic/pgf/utilities/pgfkeys.code.tex)
\pgf@x=\dimen262
\pgf@y=\dimen263
\pgf@xa=\dimen264
\pgf@ya=\dimen265
\pgf@xb=\dimen266
\pgf@yb=\dimen267
\pgf@xc=\dimen268
\pgf@yc=\dimen269
\w@pgf@writea=\write3
\r@pgf@reada=\read2
\c@pgf@counta=\count300
\c@pgf@countb=\count301
\c@pgf@countc=\count302
\c@pgf@countd=\count303
\t@pgf@toka=\toks31
\t@pgf@tokb=\toks32
\t@pgf@tokc=\toks33

(/usr/share/texlive/texmf-dist/tex/generic/pgf/systemlayer/pgf.cfg
File: pgf.cfg 2008/05/14  (rcs-revision 1.7)
)
Driver file for pgf: pgfsys-dvips.def

(/usr/share/texlive/texmf-dist/tex/generic/pgf/systemlayer/pgfsys-dvips.def
File: pgfsys-dvips.def 2014/07/09  (rcs-revision 1.25)

(/usr/share/texlive/texmf-dist/tex/generic/pgf/systemlayer/pgfsys-common-postsc
ript.def
File: pgfsys-common-postscript.def 2008/10/01  (rcs-revision 1.22)
\pgf@objectcount=\count304
)))
(/usr/share/texlive/texmf-dist/tex/generic/pgf/systemlayer/pgfsyssoftpath.code.
tex
File: pgfsyssoftpath.code.tex 2013/09/09  (rcs-revision 1.9)
\pgfsyssoftpath@smallbuffer@items=\count305
\pgfsyssoftpath@bigbuffer@items=\count306
)
(/usr/share/texlive/texmf-dist/tex/generic/pgf/systemlayer/pgfsysprotocol.code.
tex
File: pgfsysprotocol.code.tex 2006/10/16  (rcs-revision 1.4)
))
(/usr/share/texlive/texmf-dist/tex/generic/pgf/basiclayer/pgfcore.code.tex
Package: pgfcore 2010/04/11 v3.0.1a (rcs-revision 1.7)

(/usr/share/texlive/texmf-dist/tex/generic/pgf/math/pgfmath.code.tex)
(/usr/share/texlive/texmf-dist/tex/generic/pgf/basiclayer/pgfcorepoints.code.te
x
File: pgfcorepoints.code.tex 2013/10/07  (rcs-revision 1.27)
\pgf@picminx=\dimen270
\pgf@picmaxx=\dimen271
\pgf@picminy=\dimen272
\pgf@picmaxy=\dimen273
\pgf@pathminx=\dimen274
\pgf@pathmaxx=\dimen275
\pgf@pathminy=\dimen276
\pgf@pathmaxy=\dimen277
\pgf@xx=\dimen278
\pgf@xy=\dimen279
\pgf@yx=\dimen280
\pgf@yy=\dimen281
\pgf@zx=\dimen282
\pgf@zy=\dimen283
)
(/usr/share/texlive/texmf-dist/tex/generic/pgf/basiclayer/pgfcorepathconstruct.
code.tex
File: pgfcorepathconstruct.code.tex 2013/10/07  (rcs-revision 1.29)
\pgf@path@lastx=\dimen284
\pgf@path@lasty=\dimen285
)
(/usr/share/texlive/texmf-dist/tex/generic/pgf/basiclayer/pgfcorepathusage.code
.tex
File: pgfcorepathusage.code.tex 2014/11/02  (rcs-revision 1.24)
\pgf@shorten@end@additional=\dimen286
\pgf@shorten@start@additional=\dimen287
)
(/usr/share/texlive/texmf-dist/tex/generic/pgf/basiclayer/pgfcorescopes.code.te
x
File: pgfcorescopes.code.tex 2015/05/08  (rcs-revision 1.46)
\pgfpic=\box51
\pgf@hbox=\box52
\pgf@layerbox@main=\box53
\pgf@picture@serial@count=\count307
)
(/usr/share/texlive/texmf-dist/tex/generic/pgf/basiclayer/pgfcoregraphicstate.c
ode.tex
File: pgfcoregraphicstate.code.tex 2014/11/02  (rcs-revision 1.12)
\pgflinewidth=\dimen288
)
(/usr/share/texlive/texmf-dist/tex/generic/pgf/basiclayer/pgfcoretransformation
s.code.tex
File: pgfcoretransformations.code.tex 2015/08/07  (rcs-revision 1.20)
\pgf@pt@x=\dimen289
\pgf@pt@y=\dimen290
\pgf@pt@temp=\dimen291
)
(/usr/share/texlive/texmf-dist/tex/generic/pgf/basiclayer/pgfcorequick.code.tex
File: pgfcorequick.code.tex 2008/10/09  (rcs-revision 1.3)
)
(/usr/share/texlive/texmf-dist/tex/generic/pgf/basiclayer/pgfcoreobjects.code.t
ex
File: pgfcoreobjects.code.tex 2006/10/11  (rcs-revision 1.2)
)
(/usr/share/texlive/texmf-dist/tex/generic/pgf/basiclayer/pgfcorepathprocessing
.code.tex
File: pgfcorepathprocessing.code.tex 2013/09/09  (rcs-revision 1.9)
)
(/usr/share/texlive/texmf-dist/tex/generic/pgf/basiclayer/pgfcorearrows.code.te
x
File: pgfcorearrows.code.tex 2015/05/14  (rcs-revision 1.43)
\pgfarrowsep=\dimen292
)
(/usr/share/texlive/texmf-dist/tex/generic/pgf/basiclayer/pgfcoreshade.code.tex
File: pgfcoreshade.code.tex 2013/07/15  (rcs-revision 1.15)
\pgf@max=\dimen293
\pgf@sys@shading@range@num=\count308
)
(/usr/share/texlive/texmf-dist/tex/generic/pgf/basiclayer/pgfcoreimage.code.tex
File: pgfcoreimage.code.tex 2013/07/15  (rcs-revision 1.18)

(/usr/share/texlive/texmf-dist/tex/generic/pgf/basiclayer/pgfcoreexternal.code.
tex
File: pgfcoreexternal.code.tex 2014/07/09  (rcs-revision 1.21)
\pgfexternal@startupbox=\box54
))
(/usr/share/texlive/texmf-dist/tex/generic/pgf/basiclayer/pgfcorelayers.code.te
x
File: pgfcorelayers.code.tex 2013/07/18  (rcs-revision 1.7)
)
(/usr/share/texlive/texmf-dist/tex/generic/pgf/basiclayer/pgfcoretransparency.c
ode.tex
File: pgfcoretransparency.code.tex 2013/09/30  (rcs-revision 1.5)
)
(/usr/share/texlive/texmf-dist/tex/generic/pgf/basiclayer/pgfcorepatterns.code.
tex
File: pgfcorepatterns.code.tex 2013/11/07  (rcs-revision 1.5)
)))
(/usr/share/texlive/texmf-dist/tex/generic/pgf/modules/pgfmoduleshapes.code.tex
File: pgfmoduleshapes.code.tex 2014/03/21  (rcs-revision 1.35)
\pgfnodeparttextbox=\box55
) (/usr/share/texlive/texmf-dist/tex/generic/pgf/modules/pgfmoduleplot.code.tex
File: pgfmoduleplot.code.tex 2015/08/03  (rcs-revision 1.13)
)
(/usr/share/texlive/texmf-dist/tex/latex/pgf/compatibility/pgfcomp-version-0-65
.sty
Package: pgfcomp-version-0-65 2007/07/03 v3.0.1a (rcs-revision 1.7)
\pgf@nodesepstart=\dimen294
\pgf@nodesepend=\dimen295
)
(/usr/share/texlive/texmf-dist/tex/latex/pgf/compatibility/pgfcomp-version-1-18
.sty
Package: pgfcomp-version-1-18 2007/07/23 v3.0.1a (rcs-revision 1.1)
)) (/usr/share/texlive/texmf-dist/tex/latex/pgf/utilities/pgffor.sty
(/usr/share/texlive/texmf-dist/tex/latex/pgf/utilities/pgfkeys.sty
(/usr/share/texlive/texmf-dist/tex/generic/pgf/utilities/pgfkeys.code.tex))
(/usr/share/texlive/texmf-dist/tex/latex/pgf/math/pgfmath.sty
(/usr/share/texlive/texmf-dist/tex/generic/pgf/math/pgfmath.code.tex))
(/usr/share/texlive/texmf-dist/tex/generic/pgf/utilities/pgffor.code.tex
Package: pgffor 2013/12/13 v3.0.1a (rcs-revision 1.25)

(/usr/share/texlive/texmf-dist/tex/generic/pgf/math/pgfmath.code.tex)
\pgffor@iter=\dimen296
\pgffor@skip=\dimen297
\pgffor@stack=\toks34
\pgffor@toks=\toks35
))
(/usr/share/texlive/texmf-dist/tex/generic/pgf/frontendlayer/tikz/tikz.code.tex
Package: tikz 2015/08/07 v3.0.1a (rcs-revision 1.151)

(/usr/share/texlive/texmf-dist/tex/generic/pgf/libraries/pgflibraryplothandlers
.code.tex
File: pgflibraryplothandlers.code.tex 2013/08/31 v3.0.1a (rcs-revision 1.20)
\pgf@plot@mark@count=\count309
\pgfplotmarksize=\dimen298
)
\tikz@lastx=\dimen299
\tikz@lasty=\dimen300
\tikz@lastxsaved=\dimen301
\tikz@lastysaved=\dimen302
\tikzleveldistance=\dimen303
\tikzsiblingdistance=\dimen304
\tikz@figbox=\box56
\tikz@figbox@bg=\box57
\tikz@tempbox=\box58
\tikz@tempbox@bg=\box59
\tikztreelevel=\count310
\tikznumberofchildren=\count311
\tikznumberofcurrentchild=\count312
\tikz@fig@count=\count313

(/usr/share/texlive/texmf-dist/tex/generic/pgf/modules/pgfmodulematrix.code.tex
File: pgfmodulematrix.code.tex 2013/09/17  (rcs-revision 1.8)
\pgfmatrixcurrentrow=\count314
\pgfmatrixcurrentcolumn=\count315
\pgf@matrix@numberofcolumns=\count316
)
\tikz@expandcount=\count317

(/usr/share/texlive/texmf-dist/tex/generic/pgf/frontendlayer/tikz/libraries/tik
zlibrarytopaths.code.tex
File: tikzlibrarytopaths.code.tex 2008/06/17 v3.0.1a (rcs-revision 1.2)
)))
(/usr/share/texlive/texmf-dist/tex/generic/pgf/frontendlayer/tikz/libraries/tik
zlibraryshapes.code.tex
File: tikzlibraryshapes.code.tex 2008/01/09 v3.0.1a (rcs-revision 1.1)

(/usr/share/texlive/texmf-dist/tex/generic/pgf/frontendlayer/tikz/libraries/tik
zlibraryshapes.geometric.code.tex
File: tikzlibraryshapes.geometric.code.tex 2008/01/09 v3.0.1a (rcs-revision 1.1
)

(/usr/share/texlive/texmf-dist/tex/generic/pgf/libraries/shapes/pgflibraryshape
s.geometric.code.tex
File: pgflibraryshapes.geometric.code.tex 2008/06/26 v3.0.1a (rcs-revision 1.1)

))
(/usr/share/texlive/texmf-dist/tex/generic/pgf/frontendlayer/tikz/libraries/tik
zlibraryshapes.misc.code.tex
File: tikzlibraryshapes.misc.code.tex 2008/01/09 v3.0.1a (rcs-revision 1.1)

(/usr/share/texlive/texmf-dist/tex/generic/pgf/libraries/shapes/pgflibraryshape
s.misc.code.tex
File: pgflibraryshapes.misc.code.tex 2013/07/18 v3.0.1a (rcs-revision 1.5)
))
(/usr/share/texlive/texmf-dist/tex/generic/pgf/frontendlayer/tikz/libraries/tik
zlibraryshapes.symbols.code.tex
File: tikzlibraryshapes.symbols.code.tex 2008/01/09 v3.0.1a (rcs-revision 1.1)

(/usr/share/texlive/texmf-dist/tex/generic/pgf/libraries/shapes/pgflibraryshape
s.symbols.code.tex
File: pgflibraryshapes.symbols.code.tex 2013/09/11 v3.0.1a (rcs-revision 1.6)
))
(/usr/share/texlive/texmf-dist/tex/generic/pgf/frontendlayer/tikz/libraries/tik
zlibraryshapes.arrows.code.tex
File: tikzlibraryshapes.arrows.code.tex 2008/01/09 v3.0.1a (rcs-revision 1.1)

(/usr/share/texlive/texmf-dist/tex/generic/pgf/libraries/shapes/pgflibraryshape
s.arrows.code.tex
File: pgflibraryshapes.arrows.code.tex 2008/06/26 v3.0.1a (rcs-revision 1.1)
))
(/usr/share/texlive/texmf-dist/tex/generic/pgf/frontendlayer/tikz/libraries/tik
zlibraryshapes.callouts.code.tex
(/usr/share/texlive/texmf-dist/tex/generic/pgf/libraries/shapes/pgflibraryshape
s.callouts.code.tex))
(/usr/share/texlive/texmf-dist/tex/generic/pgf/frontendlayer/tikz/libraries/tik
zlibraryshapes.multipart.code.tex
File: tikzlibraryshapes.multipart.code.tex 2008/01/09 v3.0.1a (rcs-revision 1.1
)

(/usr/share/texlive/texmf-dist/tex/generic/pgf/libraries/shapes/pgflibraryshape
s.multipart.code.tex
File: pgflibraryshapes.multipart.code.tex 2010/01/07 v3.0.1a (rcs-revision 1.2)

\pgfnodepartlowerbox=\box60
\pgfnodeparttwobox=\box61
\pgfnodepartthreebox=\box62
\pgfnodepartfourbox=\box63
\pgfnodeparttwentybox=\box64
\pgfnodepartnineteenbox=\box65
\pgfnodeparteighteenbox=\box66
\pgfnodepartseventeenbox=\box67
\pgfnodepartsixteenbox=\box68
\pgfnodepartfifteenbox=\box69
\pgfnodepartfourteenbox=\box70
\pgfnodepartthirteenbox=\box71
\pgfnodeparttwelvebox=\box72
\pgfnodepartelevenbox=\box73
\pgfnodeparttenbox=\box74
\pgfnodepartninebox=\box75
\pgfnodeparteightbox=\box76
\pgfnodepartsevenbox=\box77
\pgfnodepartsixbox=\box78
\pgfnodepartfivebox=\box79
)))
(/usr/share/texlive/texmf-dist/tex/generic/pgf/frontendlayer/tikz/libraries/tik
zlibraryfit.code.tex
File: tikzlibraryfit.code.tex 2013/07/12 v3.0.1a (rcs-revision 1.5)
)
(/usr/share/texlive/texmf-dist/tex/generic/pgf/frontendlayer/tikz/libraries/tik
zlibrarycalc.code.tex
File: tikzlibrarycalc.code.tex 2013/07/15 v3.0.1a (rcs-revision 1.9)
)
(/usr/share/texlive/texmf-dist/tex/generic/pgf/libraries/pgflibraryintersection
s.code.tex
(/usr/share/texlive/texmf-dist/tex/generic/pgf/libraries/pgflibraryfpu.code.tex
)
\pgf@intersect@solutions=\count318
) (/usr/share/texlive/texmf-dist/tex/latex/pgfopts/pgfopts.sty
Package: pgfopts 2014/07/10 v2.1a LaTeX package options with pgfkeys
\pgfopts@list@add@a@toks=\toks36
\pgfopts@list@add@b@toks=\toks37
)
(/usr/share/texlive/texmf-dist/tex/latex/elocalloc/elocalloc.sty
Package: elocalloc 2016/12/15 v0.03 local allocation for LaTeX 2015+ (DPC)
)
(/usr/share/texlive/texmf-dist/tex/latex/inlinedef/inlinedef.sty
Package: inlinedef 2008/07/10 v1.0 Inlined expansions within definitions
\ID@toks=\toks38
\ID@count=\count319
)
\ID@usercommands=\toks39
.................................................
. LaTeX info: "xparse/define-command"
. 
. Defining command \useforestlibrary with sig. 's O{} m' on line 166.
.................................................
.................................................
. LaTeX info: "xparse/define-command"
. 
. Defining command \ProvidesForestLibrary with sig. 'm O{}' on line 176.
.................................................
\safeloop@depth=\count320
\safeRKloop@depth=\count321
\forest@temp@dimen=\dimen305
\forest@temp@count=\count322
\forest@n=\count323
\forest@temp@global@count=\count324
\forest@temp@toks=\toks40
\forest@temparray@M=\count325
\forest@temparray@N=\count326
\forest@global@temparray@M=\count327
\forest@global@temparray@N=\count328
\forest@isnum@count=\count329
\forest@isdim@nonintpart=\count330
\forest@isdim@dimen=\dimen306
\forest@sort@m=\count331
\forest@sort@k=\count332
\forest@sort@p=\count333
\bracket@content=\toks41
\bracket@afterthought=\toks42
\forest@node@maxid=\count334
.................................................
. LaTeX info: "xparse/define-command"
. 
. Defining command \forestdebugtypeouttrees with sig. 'o' on line 2303.
.................................................
.................................................
. LaTeX info: "xparse/define-command"
. 
. Defining command \forestdebugtypeouttree with sig. 'd() O{\forest@cn }' on
. line 2348.
.................................................
\forest@process@left@M=\count335
\forest@process@left@N=\count336
\forest@process@right@M=\count337
\forest@process@right@N=\count338
\forest@process@saved@M=\count339
\forest@process@saved@N=\count340
\forest@process@result@M=\count341
\forest@process@result@N=\count342
\forest@process@n=\count343
\forest@nodewalk@branch@toks=\toks43
\forest@nodewalk@shortsteps@resolution=\toks44
\forest@do@dynamics=\toks45
\forest@box=\box80
\forest@xg=\dimen307
\forest@yg=\dimen308
\forest@xs=\dimen309
\forest@ys=\dimen310
\forest@pi@toks=\toks46
\forest@segment@toks=\toks47
\forest@PIi@toks=\toks48
\forest@PIii@toks=\toks49
\forest@copy@in=\read3
\forest@copy@out=\write4
.................................................
. LaTeX info: "xparse/define-environment"
. 
. Defining environment 'forest' with sig. 'D(){}' on line 8510.
.................................................
.................................................
. LaTeX info: "xparse/define-command"
. 
. Defining command \Forest with sig. 's D(){} m' on line 8515.
.................................................
\forest@externalize@max@outer@n=\count344
\forest@externalize@inner@n=\count345
)
(./montage.aux)
\openout1 = `montage.aux'.

LaTeX Font Info:    Checking defaults for OML/cmm/m/it on input line 10.
LaTeX Font Info:    ... okay on input line 10.
LaTeX Font Info:    Checking defaults for T1/cmr/m/n on input line 10.
LaTeX Font Info:    ... okay on input line 10.
LaTeX Font Info:    Checking defaults for OT1/cmr/m/n on input line 10.
LaTeX Font Info:    ... okay on input line 10.
LaTeX Font Info:    Checking defaults for OMS/cmsy/m/n on input line 10.
LaTeX Font Info:    ... okay on input line 10.
LaTeX Font Info:    Checking defaults for OMX/cmex/m/n on input line 10.
LaTeX Font Info:    ... okay on input line 10.
LaTeX Font Info:    Checking defaults for U/cmr/m/n on input line 10.
LaTeX Font Info:    ... okay on input line 10.
 ABD: EveryShipout initializing macros
Missing character: There is no Â in font cmr10!
Missing character: There is no µ in font cmr10!
Missing character: There is no Â in font cmr10!
Missing character: There is no µ in font cmr10!
Missing character: There is no Â in font cmr10!
Missing character: There is no µ in font cmr10!
Missing character: There is no Â in font cmr10!
Missing character: There is no µ in font cmr10!
 [1

] (./montage.aux) ) 
Here is how much of TeX's memory you used:
 35549 strings out of 494806
 797621 string characters out of 6178026
 1274629 words of memory out of 5000000
 38439 multiletter control sequences out of 15000+600000
 530272 words of font info for 22 fonts, out of 8000000 for 9000
 81 hyphenation exceptions out of 8191
 60i,6n,85p,10465b,728s stack positions out of 5000i,500n,10000p,200000b,80000s

Output written on montage.dvi (1 page, 287280 bytes).
